INFO 2023-11-06 09:19:09,768 autoreload Watching for file changes with StatReloader
WARNING 2023-11-06 09:21:29,869 log Unauthorized: /api/contacts/
INFO 2023-11-06 09:45:19,850 autoreload C:\Program Files\Jishma\finance\transaction\views.py changed, reloading.
INFO 2023-11-06 09:45:21,355 autoreload Watching for file changes with StatReloader
INFO 2023-11-06 09:45:58,867 autoreload C:\Program Files\Jishma\finance\transaction\models.py changed, reloading.
INFO 2023-11-06 09:45:59,956 autoreload Watching for file changes with StatReloader
INFO 2023-11-06 09:46:45,107 autoreload C:\Program Files\Jishma\finance\transaction\views.py changed, reloading.
INFO 2023-11-06 09:46:46,047 autoreload Watching for file changes with StatReloader
WARNING 2023-11-06 09:53:47,193 log Unauthorized: /api/transaction/
INFO 2023-11-06 09:54:27,915 autoreload C:\Program Files\Jishma\finance\transaction\views.py changed, reloading.
INFO 2023-11-06 09:54:28,830 autoreload Watching for file changes with StatReloader
WARNING 2023-11-06 09:54:32,427 log Not Found: /api/transaction/
INFO 2023-11-06 09:58:26,436 autoreload C:\Program Files\Jishma\finance\transaction\views.py changed, reloading.
INFO 2023-11-06 09:58:27,309 autoreload Watching for file changes with StatReloader
INFO 2023-11-06 09:59:40,258 autoreload C:\Program Files\Jishma\finance\transaction\models.py changed, reloading.
INFO 2023-11-06 09:59:41,087 autoreload Watching for file changes with StatReloader
INFO 2023-11-06 10:04:34,224 autoreload C:\Program Files\Jishma\finance\transaction\models.py changed, reloading.
INFO 2023-11-06 10:04:35,267 autoreload Watching for file changes with StatReloader
WARNING 2023-11-06 10:16:17,462 log Method Not Allowed: /api/transaction/
INFO 2023-11-06 10:22:29,125 autoreload C:\Program Files\Jishma\finance\transaction\views.py changed, reloading.
INFO 2023-11-06 10:22:30,242 autoreload Watching for file changes with StatReloader
WARNING 2023-11-06 10:26:30,174 log Not Found: /api/transaction-history/
INFO 2023-11-06 10:28:36,611 autoreload C:\Program Files\Jishma\finance\transaction\seializers.py changed, reloading.
INFO 2023-11-06 10:28:37,540 autoreload Watching for file changes with StatReloader
INFO 2023-11-06 10:29:48,875 autoreload C:\Program Files\Jishma\finance\transaction\seializers.py changed, reloading.
INFO 2023-11-06 10:29:49,925 autoreload Watching for file changes with StatReloader
INFO 2023-11-06 10:30:24,347 autoreload C:\Program Files\Jishma\finance\transaction\views.py changed, reloading.
INFO 2023-11-06 10:30:25,437 autoreload Watching for file changes with StatReloader
INFO 2023-11-06 10:30:48,390 autoreload C:\Program Files\Jishma\finance\transaction\views.py changed, reloading.
INFO 2023-11-06 10:30:49,269 autoreload Watching for file changes with StatReloader
WARNING 2023-11-06 10:30:58,566 log Not Found: /api/transaction-history/
INFO 2023-11-06 10:32:24,315 autoreload C:\Program Files\Jishma\finance\transaction\models.py changed, reloading.
INFO 2023-11-06 10:32:25,347 autoreload Watching for file changes with StatReloader
INFO 2023-11-06 10:32:40,999 autoreload Watching for file changes with StatReloader
WARNING 2023-11-06 10:32:46,818 log Not Found: /api/transaction-history/
INFO 2023-11-06 10:35:11,295 autoreload C:\Program Files\Jishma\finance\transaction\views.py changed, reloading.
INFO 2023-11-06 10:35:12,696 autoreload Watching for file changes with StatReloader
WARNING 2023-11-06 10:35:22,273 log Not Found: /api/transaction-history/
WARNING 2023-11-06 10:35:25,450 log Not Found: /api/transaction-history/
INFO 2023-11-06 10:36:03,456 autoreload C:\Program Files\Jishma\finance\transaction\views.py changed, reloading.
INFO 2023-11-06 10:36:04,383 autoreload Watching for file changes with StatReloader
INFO 2023-11-06 10:36:18,248 autoreload C:\Program Files\Jishma\finance\transaction\views.py changed, reloading.
INFO 2023-11-06 10:36:19,067 autoreload Watching for file changes with StatReloader
WARNING 2023-11-06 10:36:21,988 log Not Found: /api/transaction-history/
INFO 2023-11-06 10:38:05,768 autoreload C:\Program Files\Jishma\finance\transaction\views.py changed, reloading.
INFO 2023-11-06 10:38:07,030 autoreload Watching for file changes with StatReloader
INFO 2023-11-06 10:39:29,032 autoreload C:\Program Files\Jishma\finance\transaction\views.py changed, reloading.
INFO 2023-11-06 10:39:29,824 autoreload Watching for file changes with StatReloader
INFO 2023-11-06 10:39:38,044 autoreload C:\Program Files\Jishma\finance\transaction\views.py changed, reloading.
INFO 2023-11-06 10:39:39,001 autoreload Watching for file changes with StatReloader
INFO 2023-11-06 11:22:34,805 autoreload C:\Program Files\Jishma\finance\transaction\views.py changed, reloading.
INFO 2023-11-06 11:22:36,114 autoreload Watching for file changes with StatReloader
INFO 2023-11-06 11:22:39,597 autoreload C:\Program Files\Jishma\finance\transaction\views.py changed, reloading.
INFO 2023-11-06 11:22:40,378 autoreload Watching for file changes with StatReloader
INFO 2023-11-06 11:23:16,741 autoreload C:\Program Files\Jishma\finance\transaction\views.py changed, reloading.
INFO 2023-11-06 11:23:18,115 autoreload Watching for file changes with StatReloader
INFO 2023-11-06 11:23:40,113 autoreload C:\Program Files\Jishma\finance\transaction\urls.py changed, reloading.
INFO 2023-11-06 11:23:40,977 autoreload Watching for file changes with StatReloader
INFO 2023-11-06 11:23:47,588 autoreload C:\Program Files\Jishma\finance\transaction\urls.py changed, reloading.
INFO 2023-11-06 11:23:48,431 autoreload Watching for file changes with StatReloader
WARNING 2023-11-06 11:26:17,842 log Bad Request: /api/feedbacks/1/
INFO 2023-11-06 11:34:41,667 autoreload C:\Program Files\Jishma\finance\transaction\views.py changed, reloading.
INFO 2023-11-06 11:34:42,570 autoreload Watching for file changes with StatReloader
INFO 2023-11-06 11:35:48,178 autoreload C:\Program Files\Jishma\finance\transaction\views.py changed, reloading.
INFO 2023-11-06 11:35:48,981 autoreload Watching for file changes with StatReloader
INFO 2023-11-06 11:36:20,523 autoreload C:\Program Files\Jishma\finance\transaction\views.py changed, reloading.
INFO 2023-11-06 11:36:21,845 autoreload Watching for file changes with StatReloader
INFO 2023-11-06 12:52:07,907 autoreload C:\Program Files\Jishma\finance\transaction\views.py changed, reloading.
INFO 2023-11-06 12:52:09,980 autoreload Watching for file changes with StatReloader
INFO 2023-11-06 15:05:21,754 autoreload C:\Program Files\Jishma\finance\transaction\views.py changed, reloading.
INFO 2023-11-06 15:05:23,970 autoreload Watching for file changes with StatReloader
INFO 2023-11-06 15:28:06,228 autoreload C:\Program Files\Jishma\finance\transaction\views.py changed, reloading.
INFO 2023-11-06 15:28:07,433 autoreload Watching for file changes with StatReloader
INFO 2023-11-06 15:28:16,778 autoreload C:\Program Files\Jishma\finance\transaction\views.py changed, reloading.
INFO 2023-11-06 15:28:17,652 autoreload Watching for file changes with StatReloader
